<?xml version="1.0" encoding="UTF-8"?>
<testng-results ignored="0" total="1" passed="1" failed="0" skipped="0">
  <reporter-output>
  </reporter-output>
  <suite started-at="2022-12-10T09:38:33 EET" name="Default suite" finished-at="2022-12-10T09:38:46 EET" duration-ms="12668">
    <groups>
    </groups>
    <test started-at="2022-12-10T09:38:33 EET" name="Default test" finished-at="2022-12-10T09:38:46 EET" duration-ms="12668">
      <class name="testfluentwait.Testfluentwait">
        <test-method is-config="true" signature="openurl()[pri:0, instance:testfluentwait.Testfluentwait@47eaca72]" started-at="2022-12-10T09:38:33 EET" name="openurl" finished-at="2022-12-10T09:38:45 EET" duration-ms="11411" status="PASS">
          <reporter-output>
          </reporter-output>
        </test-method> <!-- openurl -->
        <test-method signature="testexplicitwait()[pri:0, instance:testfluentwait.Testfluentwait@47eaca72]" started-at="2022-12-10T09:38:45 EET" name="testexplicitwait" finished-at="2022-12-10T09:38:45 EET" duration-ms="879" status="PASS">
          <reporter-output>
          </reporter-output>
        </test-method> <!-- testexplicitwait -->
        <test-method is-config="true" signature="closeurl()[pri:0, instance:testfluentwait.Testfluentwait@47eaca72]" started-at="2022-12-10T09:38:45 EET" name="closeurl" finished-at="2022-12-10T09:38:46 EET" duration-ms="292" status="PASS">
          <reporter-output>
          </reporter-output>
        </test-method> <!-- closeurl -->
      </class> <!-- testfluentwait.Testfluentwait -->
    </test> <!-- Default test -->
  </suite> <!-- Default suite -->
</testng-results>
